# JRE version: Java(TM) SE Runtime Environment (17.0+35) (build 17+35-LTS-2724)
# Java VM: Java HotSpot(TM) 64-Bit Server VM (17+35-LTS-2724, mixed mode, sharing, tiered, compressed oops, compressed class ptrs, g1 gc, windows-amd64)
GC Precious Log:
 CPUs: 12 total, 12 available
 Memory: 32712M
 Large Page Support: Disabled
 NUMA Support: Disabled
 Compressed Oops: Enabled (Zero based)
 Heap Region Size: 4M
 Heap Min Capacity: 8M
 Heap Initial Capacity: 512M
 Heap Max Capacity: 8180M
 Pre-touch: Disabled
 Parallel Workers: 10
 Concurrent Workers: 3
 Concurrent Refinement Workers: 10
 Periodic GC: Disabled
Heap:
 garbage-first heap   total 1183744K, used 689353K [0x0000000600c00000, 0x0000000800000000)
  region size 4096K, 2 young (8192K), 2 survivors (8192K)
 Metaspace       used 9043K, committed 9216K, reserved 1064960K
  class space    used 536K, committed 640K, reserved 1048576K
GC Heap History (20 events):
Event: 2.170 GC heap after
{Heap after GC invocations=4 (full 0):
 garbage-first heap   total 524288K, used 233472K [0x0000000600c00000, 0x0000000800000000)
  region size 4096K, 1 young (4096K), 1 survivors (4096K)
 Metaspace       used 9043K, committed 9216K, reserved 1064960K
  class space    used 536K, committed 640K, reserved 1048576K
}
Event: 2.212 GC heap before
{Heap before GC invocations=4 (full 0):
 garbage-first heap   total 524288K, used 253952K [0x0000000600c00000, 0x0000000800000000)
  region size 4096K, 6 young (24576K), 1 survivors (4096K)
 Metaspace       used 9043K, committed 9216K, reserved 1064960K
  class space    used 536K, committed 640K, reserved 1048576K
}
Event: 2.220 GC heap after
{Heap after GC invocations=5 (full 0):
 garbage-first heap   total 524288K, used 249632K [0x0000000600c00000, 0x0000000800000000)
  region size 4096K, 1 young (4096K), 1 survivors (4096K)
 Metaspace       used 9043K, committed 9216K, reserved 1064960K
  class space    used 536K, committed 640K, reserved 1048576K
}
Event: 2.261 GC heap before
{Heap before GC invocations=5 (full 0):
 garbage-first heap   total 524288K, used 270112K [0x0000000600c00000, 0x0000000800000000)
  region size 4096K, 6 young (24576K), 1 survivors (4096K)
 Metaspace       used 9043K, committed 9216K, reserved 1064960K
  class space    used 536K, committed 640K, reserved 1048576K
}
Event: 2.270 GC heap after
{Heap after GC invocations=6 (full 0):
 garbage-first heap   total 1183744K, used 264841K [0x0000000600c00000, 0x0000000800000000)
  region size 4096K, 1 young (4096K), 1 survivors (4096K)
 Metaspace       used 9043K, committed 9216K, reserved 1064960K
  class space    used 536K, committed 640K, reserved 1048576K
}
Event: 2.419 GC heap before
{Heap before GC invocations=7 (full 0):
 garbage-first heap   total 712704K, used 297609K [0x0000000600c00000, 0x0000000800000000)
  region size 4096K, 14 young (57344K), 1 survivors (4096K)
 Metaspace       used 9043K, committed 9216K, reserved 1064960K
  class space    used 536K, committed 640K, reserved 1048576K
}
Event: 2.434 GC heap after
{Heap after GC invocations=8 (full 0):
 garbage-first heap   total 712704K, used 281225K [0x0000000600c00000, 0x0000000800000000)
  region size 4096K, 2 young (8192K), 2 survivors (8192K)
 Metaspace       used 9043K, committed 9216K, reserved 1064960K
  class space    used 536K, committed 640K, reserved 1048576K
}
Event: 2.567 GC heap before
{Heap before GC invocations=8 (full 0):
 garbage-first heap   total 712704K, used 363145K [0x0000000600c00000, 0x0000000800000000)
  region size 4096K, 17 young (69632K), 2 survivors (8192K)
 Metaspace       used 9043K, committed 9216K, reserved 1064960K
  class space    used 536K, committed 640K, reserved 1048576K
}
Event: 2.588 GC heap after
{Heap after GC invocations=9 (full 0):
 garbage-first heap   total 712704K, used 343208K [0x0000000600c00000, 0x0000000800000000)
  region size 4096K, 3 young (12288K), 3 survivors (12288K)
 Metaspace       used 9043K, committed 9216K, reserved 1064960K
  class space    used 536K, committed 640K, reserved 1048576K
}
Event: 2.617 GC heap before
{Heap before GC invocations=9 (full 0):
 garbage-first heap   total 712704K, used 355496K [0x0000000600c00000, 0x0000000800000000)
  region size 4096K, 7 young (28672K), 3 survivors (12288K)
 Metaspace       used 9043K, committed 9216K, reserved 1064960K
  class space    used 536K, committed 640K, reserved 1048576K
}
Event: 2.628 GC heap after
{Heap after GC invocations=10 (full 0):
 garbage-first heap   total 712704K, used 355156K [0x0000000600c00000, 0x0000000800000000)
  region size 4096K, 3 young (12288K), 3 survivors (12288K)
 Metaspace       used 9043K, committed 9216K, reserved 1064960K
  class space    used 536K, committed 640K, reserved 1048576K
}
Event: 2.904 GC heap before
{Heap before GC invocations=11 (full 0):
 garbage-first heap   total 712704K, used 465748K [0x0000000600c00000, 0x0000000800000000)
  region size 4096K, 30 young (122880K), 3 survivors (12288K)
 Metaspace       used 9043K, committed 9216K, reserved 1064960K
  class space    used 536K, committed 640K, reserved 1048576K
}
Event: 2.939 GC heap after
{Heap after GC invocations=12 (full 0):
 garbage-first heap   total 712704K, used 419058K [0x0000000600c00000, 0x0000000800000000)
  region size 4096K, 4 young (16384K), 4 survivors (16384K)
 Metaspace       used 9043K, committed 9216K, reserved 1064960K
  class space    used 536K, committed 640K, reserved 1048576K
}
Event: 2.955 GC heap before
{Heap before GC invocations=12 (full 0):
 garbage-first heap   total 712704K, used 423154K [0x0000000600c00000, 0x0000000800000000)
  region size 4096K, 6 young (24576K), 4 survivors (16384K)
 Metaspace       used 9043K, committed 9216K, reserved 1064960K
  class space    used 536K, committed 640K, reserved 1048576K
}
Event: 2.968 GC heap after
{Heap after GC invocations=13 (full 0):
 garbage-first heap   total 712704K, used 427852K [0x0000000600c00000, 0x0000000800000000)
  region size 4096K, 2 young (8192K), 2 survivors (8192K)
 Metaspace       used 9043K, committed 9216K, reserved 1064960K
  class space    used 536K, committed 640K, reserved 1048576K
}
Event: 3.171 GC heap before
{Heap before GC invocations=13 (full 0):
 garbage-first heap   total 860160K, used 534348K [0x0000000600c00000, 0x0000000800000000)
  region size 4096K, 22 young (90112K), 2 survivors (8192K)
 Metaspace       used 9043K, committed 9216K, reserved 1064960K
  class space    used 536K, committed 640K, reserved 1048576K
}
Event: 3.193 GC heap after
{Heap after GC invocations=14 (full 0):
 garbage-first heap   total 860160K, used 502409K [0x0000000600c00000, 0x0000000800000000)
  region size 4096K, 3 young (12288K), 3 survivors (12288K)
 Metaspace       used 9043K, committed 9216K, reserved 1064960K
  class space    used 536K, committed 640K, reserved 1048576K
}
Event: 3.482 GC heap before
{Heap before GC invocations=15 (full 0):
 garbage-first heap   total 860160K, used 703113K [0x0000000600c00000, 0x0000000800000000)
  region size 4096K, 30 young (122880K), 3 survivors (12288K)
 Metaspace       used 9043K, committed 9216K, reserved 1064960K
  class space    used 536K, committed 640K, reserved 1048576K
}
Event: 3.532 GC heap after
{Heap after GC invocations=16 (full 0):
 garbage-first heap   total 860160K, used 669150K [0x0000000600c00000, 0x0000000800000000)
  region size 4096K, 4 young (16384K), 4 survivors (16384K)
 Metaspace       used 9043K, committed 9216K, reserved 1064960K
  class space    used 536K, committed 640K, reserved 1048576K
}
Event: 3.584 GC heap before
{Heap before GC invocations=16 (full 0):
 garbage-first heap   total 860160K, used 693726K [0x0000000600c00000, 0x0000000800000000)
  region size 4096K, 10 young (40960K), 4 survivors (16384K)
 Metaspace       used 9043K, committed 9216K, reserved 1064960K
  class space    used 536K, committed 640K, reserved 1048576K
}

